0 info it worked if it ends with ok
1 verbose cli [ '/usr/bin/node', '/usr/bin/npm', 'install', '-g', 'pakmanager' ]
2 info using npm@1.4.28
3 info using node@v0.10.37
4 verbose node symlink /usr/bin/node
5 verbose cache add [ 'pakmanager', null ]
6 verbose cache add name=undefined spec="pakmanager" args=["pakmanager",null]
7 verbose parsed url { protocol: null,
7 verbose parsed url   slashes: null,
7 verbose parsed url   auth: null,
7 verbose parsed url   host: null,
7 verbose parsed url   port: null,
7 verbose parsed url   hostname: null,
7 verbose parsed url   hash: null,
7 verbose parsed url   search: null,
7 verbose parsed url   query: null,
7 verbose parsed url   pathname: 'pakmanager',
7 verbose parsed url   path: 'pakmanager',
7 verbose parsed url   href: 'pakmanager' }
8 silly lockFile ab50e5fc-pakmanager pakmanager
9 verbose lock pakmanager /home/luciand/.npm/ab50e5fc-pakmanager.lock
10 silly lockFile ab50e5fc-pakmanager pakmanager
11 silly lockFile ab50e5fc-pakmanager pakmanager
12 verbose addNamed [ 'pakmanager', '' ]
13 verbose addNamed [ null, '*' ]
14 silly lockFile 15818177-pakmanager pakmanager@
15 verbose lock pakmanager@ /home/luciand/.npm/15818177-pakmanager.lock
16 silly addNameRange { name: 'pakmanager', range: '*', hasData: false }
17 verbose request where is /pakmanager
18 verbose request registry https://registry.npmjs.org/
19 verbose request id 425fff3532ffce2a
20 verbose url raw /pakmanager
21 verbose url resolving [ 'https://registry.npmjs.org/', './pakmanager' ]
22 verbose url resolved https://registry.npmjs.org/pakmanager
23 verbose request where is https://registry.npmjs.org/pakmanager
24 info trying registry request attempt 1 at 09:21:32
25 http GET https://registry.npmjs.org/pakmanager
26 http 200 https://registry.npmjs.org/pakmanager
27 silly registry.get cb [ 200,
27 silly registry.get   { server: 'CouchDB/1.5.0 (Erlang OTP/R16B03)',
27 silly registry.get     etag: '"6FONFS7RA6EPQFFFUONOT3YZ2"',
27 silly registry.get     'content-type': 'application/json',
27 silly registry.get     'cache-control': 'max-age=60',
27 silly registry.get     'content-length': '34236',
27 silly registry.get     'accept-ranges': 'bytes',
27 silly registry.get     date: 'Wed, 16 Sep 2015 06:21:33 GMT',
27 silly registry.get     via: '1.1 varnish',
27 silly registry.get     age: '0',
27 silly registry.get     connection: 'keep-alive',
27 silly registry.get     'x-served-by': 'cache-fra1233-FRA',
27 silly registry.get     'x-cache': 'MISS',
27 silly registry.get     'x-cache-hits': '0',
27 silly registry.get     'x-timer': 'S1442384492.740590,VS0,VE917',
27 silly registry.get     vary: 'Accept' } ]
28 silly addNameRange number 2 { name: 'pakmanager', range: '*', hasData: true }
29 silly addNameRange versions [ 'pakmanager',
29 silly addNameRange   [ '0.8.1',
29 silly addNameRange     '0.8.4',
29 silly addNameRange     '0.8.5',
29 silly addNameRange     '0.8.6',
29 silly addNameRange     '0.8.7',
29 silly addNameRange     '0.8.8',
29 silly addNameRange     '0.11.3',
29 silly addNameRange     '0.11.4',
29 silly addNameRange     '0.11.5',
29 silly addNameRange     '0.11.6',
29 silly addNameRange     '0.11.7',
29 silly addNameRange     '0.11.8',
29 silly addNameRange     '0.12.0',
29 silly addNameRange     '0.12.1' ] ]
30 verbose addNamed [ 'pakmanager', '0.12.1' ]
31 verbose addNamed [ '0.12.1', '0.12.1' ]
32 silly lockFile dbf044d4-pakmanager-0-12-1 pakmanager@0.12.1
33 verbose lock pakmanager@0.12.1 /home/luciand/.npm/dbf044d4-pakmanager-0-12-1.lock
34 silly lockFile 4d33d4d8-pakmanager-pakmanager-0-12-1-tgz https://registry.npmjs.org/pakmanager/-/pakmanager-0.12.1.tgz
35 verbose lock https://registry.npmjs.org/pakmanager/-/pakmanager-0.12.1.tgz /home/luciand/.npm/4d33d4d8-pakmanager-pakmanager-0-12-1-tgz.lock
36 verbose addRemoteTarball [ 'https://registry.npmjs.org/pakmanager/-/pakmanager-0.12.1.tgz',
36 verbose addRemoteTarball   '6b0cfc746678e3041ba452ca43a84bc5a6552406' ]
37 info retry fetch attempt 1 at 09:21:33
38 verbose fetch to= /tmp/npm-3617-rA_DVk80/registry.npmjs.org/pakmanager/-/pakmanager-0.12.1.tgz
39 http GET https://registry.npmjs.org/pakmanager/-/pakmanager-0.12.1.tgz
40 http 200 https://registry.npmjs.org/pakmanager/-/pakmanager-0.12.1.tgz
41 silly lockFile 4d33d4d8-pakmanager-pakmanager-0-12-1-tgz https://registry.npmjs.org/pakmanager/-/pakmanager-0.12.1.tgz
42 silly lockFile 4d33d4d8-pakmanager-pakmanager-0-12-1-tgz https://registry.npmjs.org/pakmanager/-/pakmanager-0.12.1.tgz
43 silly lockFile dbf044d4-pakmanager-0-12-1 pakmanager@0.12.1
44 silly lockFile dbf044d4-pakmanager-0-12-1 pakmanager@0.12.1
45 silly lockFile 15818177-pakmanager pakmanager@
46 silly lockFile 15818177-pakmanager pakmanager@
47 silly resolved [ { author:
47 silly resolved      { name: 'AJ ONeal',
47 silly resolved        email: 'coolaj86@gmail.com',
47 silly resolved        url: 'http://coolaj86.info' },
47 silly resolved     name: 'pakmanager',
47 silly resolved     description: 'A demo package manager using the pakman API.',
47 silly resolved     version: '0.12.1',
47 silly resolved     homepage: 'https://github.com/coolaj86/node-pakman',
47 silly resolved     repository:
47 silly resolved      { type: 'git',
47 silly resolved        url: 'git://github.com/coolaj86/node-pakman.git' },
47 silly resolved     main: 'lib/index',
47 silly resolved     lib: 'lib',
47 silly resolved     bin: { pakmanager: 'bin/pakmanager.js' },
47 silly resolved     scripts: { test: 'pakmanager' },
47 silly resolved     engines: { node: '>=0.4' },
47 silly resolved     dependencies: { pakman: '>=0.11.5 <0.12.0', argparse: '>=0.1.5 <0.2.0' },
47 silly resolved     devDependencies: {},
47 silly resolved     readme: 'pakmanager\n===\n\nAn example (and fully functional) package manager built on the [`pakman`](http://github.com/coolaj86/node-pakman) and `npm` APIs.\n\nInstallation\n===\n\nIf you haven\'t already set your NPM author info, now you should:\n\n    npm set init.author.name "Your Name"\n    npm set init.author.email "you@example.com"\n    npm set init.author.url "http://yourblog.com"\n\n    npm adduser\n\nAnd install pakmanager:\n\n    npm install -g pakmanager\n\nUsage\n===\n\nIn short: run `pakmanager build` wherever `package.json` exists\n\nCreate your project\n\n    PROJECT=~/Code/some-project\n    mkdir -p ${PROJECT}/lib\n    cd ${PROJECT}\n    touch lib/index.js\n    npm init\n\nNOTE: Your code will be wrapped in a strict-mode closure - so don\'t use "The Bad Parts" TM such as using `this` to refer to the global object. See [jshint](http://jshint.com).\n\n    (function () { "use strict";\n      var module = { exports: {} };\n      /*** your code pasted here ***/ \n      provide(\'providename\', module);\n    }());\n\nMark as private if need be by editing `package.json` and adding `"private": true,`\n\nTest and build your module\n\n    pakmanager deps\n    pakmanager build\n    # edit pakmanaged-test.js\n    # open pakmanaged.html to see about any errors\n\nAnd you might want to publish your module\n\n    npm publish ./\n\n\nCLI / API\n===\n\n    pakmanager deps       # list all dependencies\n    pakmanager build      # builds package.json.browserDependencies and package.json.main\n\n    rm -rf pakmanaged.js ./node_modules # clean old builds\n\nInternal API\n===\n\n    #create(config)\n    #init(cb, config)\n\n    config.packageRoot\n\nTODO\n===\n\nlinting\n\njshint code and report errors\n\nAdd to API\n\n    pakmanager init       # creates / updates package.json\n    pakmanager install    # installs package.json.browserDependencies into ./node_modules\n    pakmanager clean      # rm -rf ./node_modules\n    pakmanager rebuild    # clean, build\n    pakmanager add        # add module@ver to package.json.browserDependencies\n    pakmanager set        # set module@ver in package.json.browserDependencies\n',
47 silly resolved     readmeFilename: 'README.md',
47 silly resolved     _id: 'pakmanager@0.12.1',
47 silly resolved     dist:
47 silly resolved      { shasum: '6b0cfc746678e3041ba452ca43a84bc5a6552406',
47 silly resolved        tarball: 'http://registry.npmjs.org/pakmanager/-/pakmanager-0.12.1.tgz' },
47 silly resolved     _from: 'pakmanager@',
47 silly resolved     _npmVersion: '1.2.15',
47 silly resolved     _npmUser: { name: 'coolaj86', email: 'coolaj86@gmail.com' },
47 silly resolved     maintainers: [ [Object] ],
47 silly resolved     directories: {},
47 silly resolved     _shasum: '6b0cfc746678e3041ba452ca43a84bc5a6552406',
47 silly resolved     _resolved: 'https://registry.npmjs.org/pakmanager/-/pakmanager-0.12.1.tgz' } ]
48 info install pakmanager@0.12.1 into /usr/lib
49 info installOne pakmanager@0.12.1
50 verbose lib/node_modules/pakmanager unbuild
51 verbose tar unpack /home/luciand/.npm/pakmanager/0.12.1/package.tgz
52 silly lockFile bc43417d--usr-lib-node-modules-pakmanager tar:///usr/lib/node_modules/pakmanager
53 verbose lock tar:///usr/lib/node_modules/pakmanager /home/luciand/.npm/bc43417d--usr-lib-node-modules-pakmanager.lock
54 silly lockFile df8cf820-pm-pakmanager-0-12-1-package-tgz tar:///home/luciand/.npm/pakmanager/0.12.1/package.tgz
55 verbose lock tar:///home/luciand/.npm/pakmanager/0.12.1/package.tgz /home/luciand/.npm/df8cf820-pm-pakmanager-0-12-1-package-tgz.lock
56 silly gunzTarPerm modes [ '775', '664' ]
57 error Error: EACCES, mkdir '/usr/lib/node_modules/pakmanager'
57 error  { [Error: EACCES, mkdir '/usr/lib/node_modules/pakmanager']
57 error   errno: 3,
57 error   code: 'EACCES',
57 error   path: '/usr/lib/node_modules/pakmanager',
57 error   fstream_type: 'Directory',
57 error   fstream_path: '/usr/lib/node_modules/pakmanager',
57 error   fstream_class: 'DirWriter',
57 error   fstream_stack:
57 error    [ '/usr/lib/node_modules/npm/node_modules/fstream/lib/dir-writer.js:36:23',
57 error      '/usr/lib/node_modules/npm/node_modules/mkdirp/index.js:46:53',
57 error      'Object.oncomplete (fs.js:108:15)' ] }
58 error Please try running this command again as root/Administrator.
59 error System Linux 3.16.0-44-generic
60 error command "/usr/bin/node" "/usr/bin/npm" "install" "-g" "pakmanager"
61 error cwd /home/luciand/workspace/streams/stream-dev-tools
62 error node -v v0.10.37
63 error npm -v 1.4.28
64 error path /usr/lib/node_modules/pakmanager
65 error fstream_path /usr/lib/node_modules/pakmanager
66 error fstream_type Directory
67 error fstream_class DirWriter
68 error code EACCES
69 error errno 3
70 error stack Error: EACCES, mkdir '/usr/lib/node_modules/pakmanager'
71 error fstream_stack /usr/lib/node_modules/npm/node_modules/fstream/lib/dir-writer.js:36:23
71 error fstream_stack /usr/lib/node_modules/npm/node_modules/mkdirp/index.js:46:53
71 error fstream_stack Object.oncomplete (fs.js:108:15)
72 verbose exit [ 3, true ]
